Flow report for Project2
Sun Dec 03 20:18:01 2017
Quartus II 32-bit Version 13.0.1 Build 232 06/12/2013 Service Pack 1 SJ Web Edition


---------------------
; Table of Contents ;
---------------------
  1. Legal Notice
  2. Flow Summary
  3. Flow Settings
  4. Flow Non-Default Global Settings
  5. Flow Elapsed Time
  6. Flow OS Summary
  7. Flow Log
  8. Flow Messages
  9. Flow Suppressed Messages



----------------
; Legal Notice ;
----------------
Copyright (C) 1991-2013 Altera Corporation
Your use of Altera Corporation's design tools, logic functions 
and other software and tools, and its AMPP partner logic 
functions, and any output files from any of the foregoing 
(including device programming or simulation files), and any 
associated documentation or information are expressly subject 
to the terms and conditions of the Altera Program License 
Subscription Agreement, Altera MegaCore Function License 
Agreement, or other applicable license agreement, including, 
without limitation, that your use is for the sole purpose of 
programming logic devices manufactured by Altera and sold by 
Altera or its authorized distributors.  Please refer to the 
applicable agreement for further details.



+---------------------------------------------------------------------------------------+
; Flow Summary                                                                          ;
+-------------------------------------+-------------------------------------------------+
; Flow Status                         ; Analyzed - Sun Dec 03 20:18:01 2017             ;
; Quartus II 32-bit Version           ; 13.0.1 Build 232 06/12/2013 SP 1 SJ Web Edition ;
; Revision Name                       ; Project2                                        ;
; Top-level Entity Name               ; Project3                                        ;
; Family                              ; Cyclone V                                       ;
; Device                              ; 5CEBA4F23C7                                     ;
; Timing Models                       ; Final                                           ;
; Logic utilization (in ALMs)         ; 857 / 18,480 ( 5 % )                            ;
; Total registers                     ; 896                                             ;
; Total pins                          ; 86 / 224 ( 38 % )                               ;
; Total virtual pins                  ; 0                                               ;
; Total block memory bits             ; 65,536 / 3,153,920 ( 2 % )                      ;
; Total DSP Blocks                    ; 0 / 66 ( 0 % )                                  ;
; Total HSSI RX PCSs                  ; 0                                               ;
; Total HSSI PMA RX Deserializers     ; 0                                               ;
; Total HSSI PMA RX ATT Deserializers ; 0                                               ;
; Total HSSI TX PCSs                  ; 0                                               ;
; Total HSSI PMA TX Serializers       ; 0                                               ;
; Total HSSI PMA TX ATT Serializers   ; 0                                               ;
; Total PLLs                          ; 1 / 4 ( 25 % )                                  ;
; Total DLLs                          ; 0 / 4 ( 0 % )                                   ;
+-------------------------------------+-------------------------------------------------+


+-----------------------------------------+
; Flow Settings                           ;
+-------------------+---------------------+
; Option            ; Setting             ;
+-------------------+---------------------+
; Start date & time ; 12/03/2017 20:16:17 ;
; Main task         ; Compilation         ;
; Revision Name     ; Project2            ;
+-------------------+---------------------+


+--------------------------------------------------------------------------------------------------------------------------------+
; Flow Non-Default Global Settings                                                                                               ;
+---------------------------------------------------+---------------------------------+---------------+-------------+------------+
; Assignment Name                                   ; Value                           ; Default Value ; Entity Name ; Section Id ;
+---------------------------------------------------+---------------------------------+---------------+-------------+------------+
; COMPILER_SIGNATURE_ID                             ; 123745747104029.151235017703760 ; --            ; --          ; --         ;
; ENABLE_DRC_SETTINGS                               ; On                              ; Off           ; --          ; --         ;
; FITTER_EFFORT                                     ; Standard Fit                    ; Auto Fit      ; --          ; --         ;
; IP_TOOL_ENV                                       ; mwpim                           ; --            ; PLL         ; --         ;
; IP_TOOL_ENV                                       ; mwpim                           ; --            ; PLL         ; --         ;
; IP_TOOL_ENV                                       ; mwpim                           ; --            ; PLL_0002    ; --         ;
; IP_TOOL_NAME                                      ; altera_pll                      ; --            ; PLL         ; --         ;
; IP_TOOL_NAME                                      ; altera_pll                      ; --            ; PLL         ; --         ;
; IP_TOOL_NAME                                      ; altera_pll                      ; --            ; PLL_0002    ; --         ;
; IP_TOOL_VERSION                                   ; 13.0sp1                         ; --            ; PLL         ; --         ;
; IP_TOOL_VERSION                                   ; 13.0sp1                         ; --            ; PLL         ; --         ;
; IP_TOOL_VERSION                                   ; 13.0                            ; --            ; PLL_0002    ; --         ;
; MAX_CORE_JUNCTION_TEMP                            ; 85                              ; --            ; --          ; --         ;
; MIN_CORE_JUNCTION_TEMP                            ; 0                               ; --            ; --          ; --         ;
; MISC_FILE                                         ; PLL.cmp                         ; --            ; --          ; --         ;
; MISC_FILE                                         ; PLL_sim/PLL.vo                  ; --            ; --          ; --         ;
; OUTPUT_IO_TIMING_FAR_END_VMEAS                    ; Half Signal Swing               ; --            ; --          ; --         ;
; OUTPUT_IO_TIMING_FAR_END_VMEAS                    ; Half Signal Swing               ; --            ; --          ; --         ;
; OUTPUT_IO_TIMING_NEAR_END_VMEAS                   ; Half Vccio                      ; --            ; --          ; --         ;
; OUTPUT_IO_TIMING_NEAR_END_VMEAS                   ; Half Vccio                      ; --            ; --          ; --         ;
; PARTITION_COLOR                                   ; 16764057                        ; --            ; DE0_CV      ; Top        ;
; PARTITION_COLOR                                   ; 16764057                        ; --            ; Project3    ; Top        ;
; PARTITION_FITTER_PRESERVATION_LEVEL               ; PLACEMENT_AND_ROUTING           ; --            ; DE0_CV      ; Top        ;
; PARTITION_FITTER_PRESERVATION_LEVEL               ; PLACEMENT_AND_ROUTING           ; --            ; Project3    ; Top        ;
; PARTITION_NETLIST_TYPE                            ; SOURCE                          ; --            ; DE0_CV      ; Top        ;
; PARTITION_NETLIST_TYPE                            ; SOURCE                          ; --            ; Project3    ; Top        ;
; PHYSICAL_SYNTHESIS_ASYNCHRONOUS_SIGNAL_PIPELINING ; On                              ; Off           ; --          ; --         ;
; PHYSICAL_SYNTHESIS_COMBO_LOGIC                    ; On                              ; Off           ; --          ; --         ;
; PHYSICAL_SYNTHESIS_EFFORT                         ; Extra                           ; Normal        ; --          ; --         ;
; PHYSICAL_SYNTHESIS_REGISTER_DUPLICATION           ; On                              ; Off           ; --          ; --         ;
; PHYSICAL_SYNTHESIS_REGISTER_RETIMING              ; On                              ; Off           ; --          ; --         ;
; POWER_AUTO_COMPUTE_TJ                             ; Off                             ; On            ; --          ; --         ;
; SAVE_DISK_SPACE                                   ; Off                             ; On            ; --          ; --         ;
; SMART_RECOMPILE                                   ; On                              ; Off           ; --          ; --         ;
; SPD_FILE                                          ; PLL.spd                         ; --            ; --          ; --         ;
; SYNTHESIS_ONLY_QIP                                ; On                              ; --            ; --          ; --         ;
; TIMEQUEST_DO_REPORT_TIMING                        ; On                              ; Off           ; --          ; --         ;
; TOP_LEVEL_ENTITY                                  ; Project3                        ; Project2      ; --          ; --         ;
+---------------------------------------------------+---------------------------------+---------------+-------------+------------+


+-------------------------------------------------------------------------------------------------------------------------------+
; Flow Elapsed Time                                                                                                             ;
+---------------------------+--------------+-------------------------+---------------------+------------------------------------+
; Module Name               ; Elapsed Time ; Average Processors Used ; Peak Virtual Memory ; Total CPU Time (on all processors) ;
+---------------------------+--------------+-------------------------+---------------------+------------------------------------+
; Analysis & Synthesis      ; 00:00:11     ; 1.0                     ; 808 MB              ; 00:00:11                           ;
; Fitter                    ; 00:01:04     ; 1.0                     ; 1221 MB             ; 00:01:03                           ;
; Assembler                 ; 00:00:06     ; 1.0                     ; 505 MB              ; 00:00:06                           ;
; TimeQuest Timing Analyzer ; 00:00:16     ; 1.0                     ; 883 MB              ; 00:00:17                           ;
; Design Assistant          ; 00:00:01     ; 1.0                     ; 444 MB              ; 00:00:01                           ;
; Total                     ; 00:01:38     ; --                      ; --                  ; 00:01:38                           ;
+---------------------------+--------------+-------------------------+---------------------+------------------------------------+


+----------------------------------------------------------------------------------------+
; Flow OS Summary                                                                        ;
+---------------------------+------------------+-----------+------------+----------------+
; Module Name               ; Machine Hostname ; OS Name   ; OS Version ; Processor type ;
+---------------------------+------------------+-----------+------------+----------------+
; Analysis & Synthesis      ; DESKTOP-3AVM13T  ; Windows 7 ; 6.2        ; x86_64         ;
; Fitter                    ; DESKTOP-3AVM13T  ; Windows 7 ; 6.2        ; x86_64         ;
; Assembler                 ; DESKTOP-3AVM13T  ; Windows 7 ; 6.2        ; x86_64         ;
; TimeQuest Timing Analyzer ; DESKTOP-3AVM13T  ; Windows 7 ; 6.2        ; x86_64         ;
; Design Assistant          ; DESKTOP-3AVM13T  ; Windows 7 ; 6.2        ; x86_64         ;
+---------------------------+------------------+-----------+------------+----------------+


------------
; Flow Log ;
------------
quartus_map --read_settings_files=on --write_settings_files=off Project2 -c Project2
quartus_fit --read_settings_files=off --write_settings_files=off Project2 -c Project2
quartus_asm --read_settings_files=off --write_settings_files=off Project2 -c Project2
quartus_sta Project2 -c Project2
quartus_drc --read_settings_files=off --write_settings_files=off Project2 -c Project2



